0 info it worked if it ends with ok
1 verbose cli [ 'node',
1 verbose cli   '/home/simon/node_modules/bin/npm',
1 verbose cli   'publish',
1 verbose cli   '--force' ]
2 info using npm@1.3.13
3 info using node@v0.10.21
4 warn using --force I sure hope you know what you are doing.
5 verbose publish [ '.' ]
6 verbose cache add [ '.', null ]
7 verbose cache add name=undefined spec="." args=[".",null]
8 verbose parsed url { protocol: null,
8 verbose parsed url   slashes: null,
8 verbose parsed url   auth: null,
8 verbose parsed url   host: null,
8 verbose parsed url   port: null,
8 verbose parsed url   hostname: null,
8 verbose parsed url   hash: null,
8 verbose parsed url   search: null,
8 verbose parsed url   query: null,
8 verbose parsed url   pathname: '.',
8 verbose parsed url   path: '.',
8 verbose parsed url   href: '.' }
9 silly lockFile 3a52ce78- .
10 verbose lock . /home/simon/.npm/3a52ce78-.lock
11 verbose tar pack [ '/home/simon/tmp/npm-20147-4aDkJZW1/1390113858847-0.7855567133519799/tmp.tgz',
11 verbose tar pack   '.' ]
12 verbose tarball /home/simon/tmp/npm-20147-4aDkJZW1/1390113858847-0.7855567133519799/tmp.tgz
13 verbose folder .
14 info prepublish js-file@0.2.4
15 silly lockFile 1f1177db-tar tar://.
16 verbose lock tar://. /home/simon/.npm/1f1177db-tar.lock
17 silly lockFile 0fb9df50-58847-0-7855567133519799-tmp-tgz tar:///home/simon/tmp/npm-20147-4aDkJZW1/1390113858847-0.7855567133519799/tmp.tgz
18 verbose lock tar:///home/simon/tmp/npm-20147-4aDkJZW1/1390113858847-0.7855567133519799/tmp.tgz /home/simon/.npm/0fb9df50-58847-0-7855567133519799-tmp-tgz.lock
19 silly lockFile 1f1177db-tar tar://.
20 silly lockFile 1f1177db-tar tar://.
21 silly lockFile 0fb9df50-58847-0-7855567133519799-tmp-tgz tar:///home/simon/tmp/npm-20147-4aDkJZW1/1390113858847-0.7855567133519799/tmp.tgz
22 silly lockFile 0fb9df50-58847-0-7855567133519799-tmp-tgz tar:///home/simon/tmp/npm-20147-4aDkJZW1/1390113858847-0.7855567133519799/tmp.tgz
23 verbose tar unpack /home/simon/tmp/npm-20147-4aDkJZW1/1390113858847-0.7855567133519799/tmp.tgz
24 silly lockFile b4b2e670-58847-0-7855567133519799-package tar:///home/simon/tmp/npm-20147-4aDkJZW1/1390113858847-0.7855567133519799/package
25 verbose lock tar:///home/simon/tmp/npm-20147-4aDkJZW1/1390113858847-0.7855567133519799/package /home/simon/.npm/b4b2e670-58847-0-7855567133519799-package.lock
26 silly lockFile 0fb9df50-58847-0-7855567133519799-tmp-tgz tar:///home/simon/tmp/npm-20147-4aDkJZW1/1390113858847-0.7855567133519799/tmp.tgz
27 verbose lock tar:///home/simon/tmp/npm-20147-4aDkJZW1/1390113858847-0.7855567133519799/tmp.tgz /home/simon/.npm/0fb9df50-58847-0-7855567133519799-tmp-tgz.lock
28 silly gunzTarPerm modes [ '755', '644' ]
29 silly gunzTarPerm extractEntry package.json
30 silly gunzTarPerm extractEntry .npmignore
31 silly gunzTarPerm extractEntry README.md
32 silly gunzTarPerm extractEntry Gruntfile.js
33 silly gunzTarPerm extractEntry .jshintrc
34 silly gunzTarPerm extractEntry .travis.yml
35 silly gunzTarPerm extractEntry docs/api.js
36 silly gunzTarPerm extractEntry docs/assets/css/external-small.png
37 silly gunzTarPerm extractEntry docs/assets/css/logo.png
38 silly gunzTarPerm extractEntry docs/assets/css/main.css
39 silly gunzTarPerm extractEntry docs/assets/favicon.png
40 silly gunzTarPerm extractEntry docs/assets/img/spinner.gif
41 silly gunzTarPerm extractEntry docs/assets/index.html
42 silly gunzTarPerm extractEntry docs/assets/js/api-filter.js
43 silly gunzTarPerm extractEntry docs/assets/js/api-list.js
44 silly gunzTarPerm extractEntry docs/assets/js/api-search.js
45 silly gunzTarPerm extractEntry docs/assets/js/apidocs.js
46 silly gunzTarPerm extractEntry docs/assets/js/yui-prettify.js
47 silly gunzTarPerm extractEntry docs/assets/vendor/prettify/prettify-min.js
48 silly gunzTarPerm extractEntry docs/assets/vendor/prettify/CHANGES.html
49 silly gunzTarPerm extractEntry docs/assets/vendor/prettify/COPYING
50 silly gunzTarPerm extractEntry docs/assets/vendor/prettify/README.html
51 silly gunzTarPerm extractEntry docs/assets/vendor/prettify/prettify-min.css
52 silly gunzTarPerm extractEntry docs/classes/builders.html
53 silly gunzTarPerm extractEntry docs/classes/comments.html
54 silly gunzTarPerm extractEntry docs/classes/dependencies.html
55 silly gunzTarPerm extractEntry docs/classes/index.html
56 silly gunzTarPerm extractEntry docs/data.json
57 silly gunzTarPerm extractEntry docs/files/index.html
58 silly gunzTarPerm extractEntry docs/files/src_comments_block.js.html
59 silly gunzTarPerm extractEntry docs/files/src_comments_index.js.html
60 silly gunzTarPerm extractEntry docs/files/src_comments_yaml.js.html
61 silly gunzTarPerm extractEntry docs/files/src_dependencies_amd_lib_r.js_lang.js.html
62 silly gunzTarPerm extractEntry docs/files/src_dependencies_amd_lib_r.js_parse.js.html
63 silly gunzTarPerm extractEntry docs/files/src_dependencies_amd_requirejs.js.html
64 silly gunzTarPerm extractEntry docs/files/src_dependencies_base.js.html
65 silly gunzTarPerm extractEntry docs/files/src_dependencies_index.js.html
66 silly gunzTarPerm extractEntry docs/files/src_index.js.html
67 silly gunzTarPerm extractEntry docs/index.html
68 silly gunzTarPerm extractEntry docs/modules/comments.html
69 silly gunzTarPerm extractEntry docs/modules/index.html
70 silly gunzTarPerm extractEntry docs/modules/jsfile.html
71 silly gunzTarPerm extractEntry index.html
72 silly gunzTarPerm extractEntry src/index.js
73 silly gunzTarPerm extractEntry src/comments/block.js
74 silly gunzTarPerm extractEntry src/comments/index.js
75 silly gunzTarPerm extractEntry src/comments/line.js
76 silly gunzTarPerm extractEntry src/comments/yaml.js
77 silly gunzTarPerm extractEntry src/dependencies/base.js
78 silly gunzTarPerm extractEntry src/dependencies/index.js
79 silly gunzTarPerm extractEntry src/dependencies/amd/requirejs.js
80 silly gunzTarPerm extractEntry src/dependencies/amd/lib/r.js/lang.js
81 silly gunzTarPerm extractEntry src/dependencies/amd/lib/r.js/parse.js
82 silly gunzTarPerm extractEntry src/dependencies/cjs/node.js
83 silly gunzTarPerm extractEntry .editorconfig
84 silly gunzTarPerm extractEntry test/comments.js
85 silly gunzTarPerm extractEntry test/dependencies.js
86 silly gunzTarPerm extractEntry test/intialization.js
87 silly gunzTarPerm extractEntry test/demo/comments.js
88 silly gunzTarPerm extractEntry test/demo/amd/package.json
89 silly gunzTarPerm extractEntry test/demo/amd/.npmignore
90 silly gunzTarPerm extractEntry test/demo/amd/README.md
91 silly gunzTarPerm extractEntry test/demo/amd/Gruntfile.js
92 silly gunzTarPerm extractEntry test/demo/amd/amdconfig.js
93 silly gunzTarPerm extractEntry test/demo/amd/bower.json
94 silly gunzTarPerm extractEntry test/demo/amd/.travis.yml
95 silly gunzTarPerm extractEntry test/demo/amd/.editorconfig
96 silly gunzTarPerm extractEntry test/demo/amd/demo/main.js
97 silly gunzTarPerm extractEntry test/demo/amd/demo/main.html
98 silly gunzTarPerm extractEntry test/demo/amd/index.html
99 silly gunzTarPerm extractEntry test/demo/amd/src/index.js
100 silly gunzTarPerm extractEntry test/demo/amd/.jshintrc
101 silly gunzTarPerm extractEntry test/demo/amd/test/base.js
102 silly gunzTarPerm extractEntry test/demo/amd/test/index.html
103 silly gunzTarPerm extractEntry test/demo/amd/test/tests.json
104 silly gunzTarPerm extractEntry test/demo/cjs/package.json
105 silly gunzTarPerm extractEntry test/demo/cjs/.npmignore
106 silly gunzTarPerm extractEntry test/demo/cjs/README.md
107 silly gunzTarPerm extractEntry test/demo/cjs/Gruntfile.js
108 silly gunzTarPerm extractEntry test/demo/cjs/.jshintrc
109 silly gunzTarPerm extractEntry test/demo/cjs/.travis.yml
110 silly gunzTarPerm extractEntry test/demo/cjs/index.html
111 silly gunzTarPerm extractEntry test/demo/cjs/src/index.js
112 silly gunzTarPerm extractEntry test/demo/cjs/src/submodules/index.js
113 silly gunzTarPerm extractEntry test/demo/cjs/src/submodules/sub1.js
114 silly gunzTarPerm extractEntry test/demo/cjs/src/submodules/sub2.js
115 silly gunzTarPerm extractEntry test/demo/cjs/src/submodules/sub-sub/sub3.js
116 silly gunzTarPerm extractEntry test/demo/cjs/.editorconfig
117 silly gunzTarPerm extractEntry test/demo/cjs/test/base.js
118 silly lockFile b4b2e670-58847-0-7855567133519799-package tar:///home/simon/tmp/npm-20147-4aDkJZW1/1390113858847-0.7855567133519799/package
119 silly lockFile b4b2e670-58847-0-7855567133519799-package tar:///home/simon/tmp/npm-20147-4aDkJZW1/1390113858847-0.7855567133519799/package
120 silly lockFile 0fb9df50-58847-0-7855567133519799-tmp-tgz tar:///home/simon/tmp/npm-20147-4aDkJZW1/1390113858847-0.7855567133519799/tmp.tgz
121 silly lockFile 0fb9df50-58847-0-7855567133519799-tmp-tgz tar:///home/simon/tmp/npm-20147-4aDkJZW1/1390113858847-0.7855567133519799/tmp.tgz
122 verbose tar pack [ '/home/simon/.npm/js-file/0.2.4/package.tgz',
122 verbose tar pack   '/home/simon/tmp/npm-20147-4aDkJZW1/1390113858847-0.7855567133519799/package' ]
123 verbose tarball /home/simon/.npm/js-file/0.2.4/package.tgz
124 verbose folder /home/simon/tmp/npm-20147-4aDkJZW1/1390113858847-0.7855567133519799/package
125 silly lockFile b4b2e670-58847-0-7855567133519799-package tar:///home/simon/tmp/npm-20147-4aDkJZW1/1390113858847-0.7855567133519799/package
126 verbose lock tar:///home/simon/tmp/npm-20147-4aDkJZW1/1390113858847-0.7855567133519799/package /home/simon/.npm/b4b2e670-58847-0-7855567133519799-package.lock
127 silly lockFile 45e9ca4b-on-npm-js-file-0-2-4-package-tgz tar:///home/simon/.npm/js-file/0.2.4/package.tgz
128 verbose lock tar:///home/simon/.npm/js-file/0.2.4/package.tgz /home/simon/.npm/45e9ca4b-on-npm-js-file-0-2-4-package-tgz.lock
129 silly lockFile b4b2e670-58847-0-7855567133519799-package tar:///home/simon/tmp/npm-20147-4aDkJZW1/1390113858847-0.7855567133519799/package
130 silly lockFile b4b2e670-58847-0-7855567133519799-package tar:///home/simon/tmp/npm-20147-4aDkJZW1/1390113858847-0.7855567133519799/package
131 silly lockFile 45e9ca4b-on-npm-js-file-0-2-4-package-tgz tar:///home/simon/.npm/js-file/0.2.4/package.tgz
132 silly lockFile 45e9ca4b-on-npm-js-file-0-2-4-package-tgz tar:///home/simon/.npm/js-file/0.2.4/package.tgz
133 silly lockFile 6a1f4d5f--simon-npm-js-file-0-2-4-package /home/simon/.npm/js-file/0.2.4/package
134 verbose lock /home/simon/.npm/js-file/0.2.4/package /home/simon/.npm/6a1f4d5f--simon-npm-js-file-0-2-4-package.lock
135 silly lockFile 6a1f4d5f--simon-npm-js-file-0-2-4-package /home/simon/.npm/js-file/0.2.4/package
136 silly lockFile 6a1f4d5f--simon-npm-js-file-0-2-4-package /home/simon/.npm/js-file/0.2.4/package
137 verbose tar unpack /home/simon/.npm/js-file/0.2.4/package.tgz
138 silly lockFile 587ca8d8--simon-npm-js-file-0-2-4-package tar:///home/simon/.npm/js-file/0.2.4/package
139 verbose lock tar:///home/simon/.npm/js-file/0.2.4/package /home/simon/.npm/587ca8d8--simon-npm-js-file-0-2-4-package.lock
140 silly lockFile 45e9ca4b-on-npm-js-file-0-2-4-package-tgz tar:///home/simon/.npm/js-file/0.2.4/package.tgz
141 verbose lock tar:///home/simon/.npm/js-file/0.2.4/package.tgz /home/simon/.npm/45e9ca4b-on-npm-js-file-0-2-4-package-tgz.lock
142 silly gunzTarPerm modes [ '755', '644' ]
143 silly gunzTarPerm extractEntry package.json
144 silly gunzTarPerm extractEntry .npmignore
145 silly gunzTarPerm extractEntry README.md
146 silly gunzTarPerm extractEntry Gruntfile.js
147 silly gunzTarPerm extractEntry .editorconfig
148 silly gunzTarPerm extractEntry .jshintrc
149 silly gunzTarPerm extractEntry docs/api.js
150 silly gunzTarPerm extractEntry docs/assets/css/external-small.png
151 silly gunzTarPerm extractEntry docs/assets/css/logo.png
152 silly gunzTarPerm extractEntry docs/assets/css/main.css
153 silly gunzTarPerm extractEntry docs/assets/favicon.png
154 silly gunzTarPerm extractEntry docs/assets/img/spinner.gif
155 silly gunzTarPerm extractEntry docs/assets/index.html
156 silly gunzTarPerm extractEntry docs/assets/js/api-filter.js
157 silly gunzTarPerm extractEntry docs/assets/js/api-list.js
158 silly gunzTarPerm extractEntry docs/assets/js/api-search.js
159 silly gunzTarPerm extractEntry docs/assets/js/apidocs.js
160 silly gunzTarPerm extractEntry docs/assets/js/yui-prettify.js
161 silly gunzTarPerm extractEntry docs/assets/vendor/prettify/prettify-min.js
162 silly gunzTarPerm extractEntry docs/assets/vendor/prettify/CHANGES.html
163 silly gunzTarPerm extractEntry docs/assets/vendor/prettify/COPYING
164 silly gunzTarPerm extractEntry docs/assets/vendor/prettify/README.html
165 silly gunzTarPerm extractEntry docs/assets/vendor/prettify/prettify-min.css
166 silly gunzTarPerm extractEntry docs/classes/builders.html
167 silly gunzTarPerm extractEntry docs/classes/comments.html
168 silly gunzTarPerm extractEntry docs/classes/dependencies.html
169 silly gunzTarPerm extractEntry docs/classes/index.html
170 silly gunzTarPerm extractEntry docs/data.json
171 silly gunzTarPerm extractEntry docs/files/index.html
172 silly gunzTarPerm extractEntry docs/files/src_comments_block.js.html
173 silly gunzTarPerm extractEntry docs/files/src_comments_index.js.html
174 silly gunzTarPerm extractEntry docs/files/src_comments_yaml.js.html
175 silly gunzTarPerm extractEntry docs/files/src_dependencies_amd_lib_r.js_lang.js.html
176 silly gunzTarPerm extractEntry docs/files/src_dependencies_amd_lib_r.js_parse.js.html
177 silly gunzTarPerm extractEntry docs/files/src_dependencies_amd_requirejs.js.html
178 silly gunzTarPerm extractEntry docs/files/src_dependencies_base.js.html
179 silly gunzTarPerm extractEntry docs/files/src_dependencies_index.js.html
180 silly gunzTarPerm extractEntry docs/files/src_index.js.html
181 silly gunzTarPerm extractEntry docs/index.html
182 silly gunzTarPerm extractEntry docs/modules/comments.html
183 silly gunzTarPerm extractEntry docs/modules/index.html
184 silly gunzTarPerm extractEntry docs/modules/jsfile.html
185 silly gunzTarPerm extractEntry index.html
186 silly gunzTarPerm extractEntry .travis.yml
187 silly gunzTarPerm extractEntry src/index.js
188 silly gunzTarPerm extractEntry src/comments/block.js
189 silly gunzTarPerm extractEntry src/comments/index.js
190 silly gunzTarPerm extractEntry src/comments/line.js
191 silly gunzTarPerm extractEntry src/comments/yaml.js
192 silly gunzTarPerm extractEntry src/dependencies/base.js
193 silly gunzTarPerm extractEntry src/dependencies/index.js
194 silly gunzTarPerm extractEntry src/dependencies/amd/requirejs.js
195 silly gunzTarPerm extractEntry src/dependencies/amd/lib/r.js/lang.js
196 silly gunzTarPerm extractEntry src/dependencies/amd/lib/r.js/parse.js
197 silly gunzTarPerm extractEntry src/dependencies/cjs/node.js
198 silly gunzTarPerm extractEntry test/comments.js
199 silly gunzTarPerm extractEntry test/dependencies.js
200 silly gunzTarPerm extractEntry test/intialization.js
201 silly gunzTarPerm extractEntry test/demo/comments.js
202 silly gunzTarPerm extractEntry test/demo/amd/package.json
203 silly gunzTarPerm extractEntry test/demo/amd/.npmignore
204 silly gunzTarPerm extractEntry test/demo/amd/README.md
205 silly gunzTarPerm extractEntry test/demo/amd/amdconfig.js
206 silly gunzTarPerm extractEntry test/demo/amd/Gruntfile.js
207 silly gunzTarPerm extractEntry test/demo/amd/.travis.yml
208 silly gunzTarPerm extractEntry test/demo/amd/.jshintrc
209 silly gunzTarPerm extractEntry test/demo/amd/bower.json
210 silly gunzTarPerm extractEntry test/demo/amd/demo/main.js
211 silly gunzTarPerm extractEntry test/demo/amd/demo/main.html
212 silly gunzTarPerm extractEntry test/demo/amd/index.html
213 silly gunzTarPerm extractEntry test/demo/amd/.editorconfig
214 silly gunzTarPerm extractEntry test/demo/amd/src/index.js
215 silly gunzTarPerm extractEntry test/demo/amd/test/base.js
216 silly gunzTarPerm extractEntry test/demo/amd/test/index.html
217 silly gunzTarPerm extractEntry test/demo/amd/test/tests.json
218 silly gunzTarPerm extractEntry test/demo/cjs/package.json
219 silly gunzTarPerm extractEntry test/demo/cjs/.npmignore
220 silly gunzTarPerm extractEntry test/demo/cjs/README.md
221 silly gunzTarPerm extractEntry test/demo/cjs/Gruntfile.js
222 silly gunzTarPerm extractEntry test/demo/cjs/.editorconfig
223 silly gunzTarPerm extractEntry test/demo/cjs/.jshintrc
224 silly gunzTarPerm extractEntry test/demo/cjs/.travis.yml
225 silly gunzTarPerm extractEntry test/demo/cjs/index.html
226 silly gunzTarPerm extractEntry test/demo/cjs/src/index.js
227 silly gunzTarPerm extractEntry test/demo/cjs/src/submodules/index.js
228 silly gunzTarPerm extractEntry test/demo/cjs/src/submodules/sub1.js
229 silly gunzTarPerm extractEntry test/demo/cjs/src/submodules/sub2.js
230 silly gunzTarPerm extractEntry test/demo/cjs/src/submodules/sub-sub/sub3.js
231 silly gunzTarPerm extractEntry test/demo/cjs/test/base.js
232 silly lockFile 587ca8d8--simon-npm-js-file-0-2-4-package tar:///home/simon/.npm/js-file/0.2.4/package
233 silly lockFile 587ca8d8--simon-npm-js-file-0-2-4-package tar:///home/simon/.npm/js-file/0.2.4/package
234 silly lockFile 45e9ca4b-on-npm-js-file-0-2-4-package-tgz tar:///home/simon/.npm/js-file/0.2.4/package.tgz
235 silly lockFile 45e9ca4b-on-npm-js-file-0-2-4-package-tgz tar:///home/simon/.npm/js-file/0.2.4/package.tgz
236 verbose chmod /home/simon/.npm/js-file/0.2.4/package.tgz 644
237 verbose chown /home/simon/.npm/js-file/0.2.4/package.tgz [ 1000, 1000 ]
238 silly lockFile 3a52ce78- .
239 silly lockFile 3a52ce78- .
240 silly publish { name: 'js-file',
240 silly publish   main: './src',
240 silly publish   version: '0.2.4',
240 silly publish   description: 'Introspect .js files.',
240 silly publish   repository: { type: 'git', url: 'https://github.com/simonfan/js-file.git' },
240 silly publish   dependencies:
240 silly publish    { 'file-object': '~0.4.5',
240 silly publish      lodash: '~2.4.1',
240 silly publish      subject: '~0.3.3',
240 silly publish      'js-yaml': '~3.0.1',
240 silly publish      resolve: '~0.6.1',
240 silly publish      detective: '~2.2.0',
240 silly publish      esprima: '~1.0.4',
240 silly publish      amdefine: '~0.1.0',
240 silly publish      'argument-parser': '~0.1.2',
240 silly publish      mapo: '0.0.0' },
240 silly publish   devDependencies:
240 silly publish    { grunt: '~0.4.2',
240 silly publish      'grunt-contrib-watch': '~0.5.3',
240 silly publish      'grunt-contrib-yuidoc': '~0.5.0',
240 silly publish      'grunt-contrib-jshint': '~0.7.2',
240 silly publish      should: '~2.1.0',
240 silly publish      mocha: '~1.15.0',
240 silly publish      'grunt-simple-mocha': '~0.4.0',
240 silly publish      commondir: '0.0.1' },
240 silly publish   scripts: { test: 'mocha' },
240 silly publish   readme: '# js-file[![Build Status](https://secure.travis-ci.org/simonfan/js-file.png?branch=master)](http://travis-ci.org/simonfan/js-file)\n\nIntrospect .js files.\n',
240 silly publish   readmeFilename: 'README.md',
240 silly publish   bugs: { url: 'https://github.com/simonfan/js-file/issues' },
240 silly publish   homepage: 'https://github.com/simonfan/js-file',
240 silly publish   _id: 'js-file@0.2.4',
240 silly publish   dist: { shasum: '3749463baef53ffc3b636375f354dd199e613ee3' },
240 silly publish   _from: '.' }
241 verbose url raw js-file
242 verbose url resolving [ 'https://registry.npmjs.org/', './js-file' ]
243 verbose url resolved https://registry.npmjs.org/js-file
244 info trying registry request attempt 1 at 04:44:19
245 http PUT https://registry.npmjs.org/js-file
246 http 409 https://registry.npmjs.org/js-file
247 verbose url raw js-file
248 verbose url resolving [ 'https://registry.npmjs.org/', './js-file' ]
249 verbose url resolved https://registry.npmjs.org/js-file
250 info trying registry request attempt 1 at 04:44:21
251 http GET https://registry.npmjs.org/js-file
252 http 200 https://registry.npmjs.org/js-file
253 verbose uploading [ 'js-file/-/js-file-0.2.4.tgz/-rev/38-1a0dd07eeafe4221f50f09f9c0381471',
253 verbose uploading   '/home/simon/.npm/js-file/0.2.4/package.tgz' ]
254 verbose url raw js-file/-/js-file-0.2.4.tgz/-rev/38-1a0dd07eeafe4221f50f09f9c0381471
255 verbose url resolving [ 'https://registry.npmjs.org/',
255 verbose url resolving   './js-file/-/js-file-0.2.4.tgz/-rev/38-1a0dd07eeafe4221f50f09f9c0381471' ]
256 verbose url resolved https://registry.npmjs.org/js-file/-/js-file-0.2.4.tgz/-rev/38-1a0dd07eeafe4221f50f09f9c0381471
257 info trying registry request attempt 1 at 04:44:23
258 http PUT https://registry.npmjs.org/js-file/-/js-file-0.2.4.tgz/-rev/38-1a0dd07eeafe4221f50f09f9c0381471
259 http 201 https://registry.npmjs.org/js-file/-/js-file-0.2.4.tgz/-rev/38-1a0dd07eeafe4221f50f09f9c0381471
260 verbose publish attached [ 'js-file',
260 verbose publish   '/home/simon/.npm/js-file/0.2.4/package.tgz',
260 verbose publish   'js-file-0.2.4.tgz' ]
261 verbose url raw js-file/0.2.4/-tag/latest
262 verbose url resolving [ 'https://registry.npmjs.org/', './js-file/0.2.4/-tag/latest' ]
263 verbose url resolved https://registry.npmjs.org/js-file/0.2.4/-tag/latest
264 info trying registry request attempt 1 at 04:44:33
265 http PUT https://registry.npmjs.org/js-file/0.2.4/-tag/latest
266 http 403 https://registry.npmjs.org/js-file/0.2.4/-tag/latest
267 info trying registry request attempt 1 at 04:44:38
268 http PUT https://registry.npmjs.org/js-file/0.2.4/-tag/latest
269 http 403 https://registry.npmjs.org/js-file/0.2.4/-tag/latest
270 error publish Error uploading package
271 error Error: forbidden 0.2.4 time should not be modified 1: js-file/0.2.4/-tag/latest
271 error     at RegClient.<anonymous> (/home/simon/node_modules/lib/node_modules/npm/node_modules/npm-registry-client/lib/request.js:272:14)
271 error     at Request.self.callback (/home/simon/node_modules/lib/node_modules/npm/node_modules/request/request.js:129:22)
271 error     at Request.EventEmitter.emit (events.js:98:17)
271 error     at Request.<anonymous> (/home/simon/node_modules/lib/node_modules/npm/node_modules/request/request.js:873:14)
271 error     at Request.EventEmitter.emit (events.js:117:20)
271 error     at IncomingMessage.<anonymous> (/home/simon/node_modules/lib/node_modules/npm/node_modules/request/request.js:824:12)
271 error     at IncomingMessage.EventEmitter.emit (events.js:117:20)
271 error     at _stream_readable.js:920:16
271 error     at process._tickCallback (node.js:415:13)
272 error If you need help, you may report this log at:
272 error     <http://github.com/isaacs/npm/issues>
272 error or email it to:
272 error     <npm-@googlegroups.com>
273 error System Linux 3.11.0-15-generic-tuxonice
274 error command "node" "/home/simon/node_modules/bin/npm" "publish" "--force"
275 error cwd /home/simon/Desktop/code/node/js-file
276 error node -v v0.10.21
277 error npm -v 1.3.13
278 verbose exit [ 1, true ]
